[  781921ms] [LOG] [Fast Refresh] rebuilding @ http://localhost:3001/_next/static/chunks/09q._next_dist_0hjurs0._.js:2431
[  782002ms] [LOG] [Fast Refresh] done in 143ms @ http://localhost:3001/_next/static/chunks/09q._next_dist_0hjurs0._.js:2431
[  790153ms] [LOG] [Fast Refresh] rebuilding @ http://localhost:3001/_next/static/chunks/09q._next_dist_0hjurs0._.js:2431
[  790193ms] [LOG] [Fast Refresh] done in 38ms @ http://localhost:3001/_next/static/chunks/09q._next_dist_0hjurs0._.js:2431
[  838019ms] [LOG] [Fast Refresh] rebuilding @ http://localhost:3001/_next/static/chunks/09q._next_dist_0hjurs0._.js:2431
[  838061ms] [LOG] [Fast Refresh] done in 82ms @ http://localhost:3001/_next/static/chunks/09q._next_dist_0hjurs0._.js:2431
[ 1195383ms] [LOG] [Fast Refresh] rebuilding @ http://localhost:3001/_next/static/chunks/09q._next_dist_0hjurs0._.js:2431
[ 1195695ms] [LOG] [Fast Refresh] done in 235ms @ http://localhost:3001/_next/static/chunks/09q._next_dist_0hjurs0._.js:2431
[ 1195996ms] [LOG] [Fast Refresh] rebuilding @ http://localhost:3001/_next/static/chunks/09q._next_dist_0hjurs0._.js:2431
[ 1196034ms] [LOG] [Fast Refresh] done in 139ms @ http://localhost:3001/_next/static/chunks/09q._next_dist_0hjurs0._.js:2431
[ 1218896ms] [LOG] [Fast Refresh] rebuilding @ http://localhost:3001/_next/static/chunks/09q._next_dist_0hjurs0._.js:2431
[ 1218980ms] [LOG] [Fast Refresh] done in 171ms @ http://localhost:3001/_next/static/chunks/09q._next_dist_0hjurs0._.js:2431
[ 1219081ms] [LOG] [Fast Refresh] rebuilding @ http://localhost:3001/_next/static/chunks/09q._next_dist_0hjurs0._.js:2431
[ 1219084ms] [LOG] [Fast Refresh] done in 104ms @ http://localhost:3001/_next/static/chunks/09q._next_dist_0hjurs0._.js:2431
[ 1219196ms] [LOG] [Fast Refresh] rebuilding @ http://localhost:3001/_next/static/chunks/09q._next_dist_0hjurs0._.js:2431
[ 1219595ms] [LOG] [Fast Refresh] done in 500ms @ http://localhost:3001/_next/static/chunks/09q._next_dist_0hjurs0._.js:2431
[ 1219716ms] [LOG] [Fast Refresh] rebuilding @ http://localhost:3001/_next/static/chunks/09q._next_dist_0hjurs0._.js:2431
[ 1219782ms] [LOG] [Fast Refresh] done in 168ms @ http://localhost:3001/_next/static/chunks/09q._next_dist_0hjurs0._.js:2431
[ 1219858ms] ReferenceError: getPromptVersion is not defined
    at EpisodeWorkspace (http://localhost:3001/_next/static/chunks/src_04cffl6._.js?id=%255Bproject%255D%252Fsrc%252Fcomponents%252Fepisode-workspace.tsx+%255Bapp-client%255D+%2528ecmascript%2529:2271:56)
    at Object.react_stack_bottom_frame (http://localhost:3001/_next/static/chunks/09q._next_dist_compiled_react-dom_0sz.w8d._.js:15037:24)
    at renderWithHooks (http://localhost:3001/_next/static/chunks/09q._next_dist_compiled_react-dom_0sz.w8d._.js:4620:24)
    at updateFunctionComponent (http://localhost:3001/_next/static/chunks/09q._next_dist_compiled_react-dom_0sz.w8d._.js:6081:21)
    at beginWork (http://localhost:3001/_next/static/chunks/09q._next_dist_compiled_react-dom_0sz.w8d._.js:6691:24)
    at runWithFiberInDEV (http://localhost:3001/_next/static/chunks/09q._next_dist_compiled_react-dom_0sz.w8d._.js:965:74)
    at performUnitOfWork (http://localhost:3001/_next/static/chunks/09q._next_dist_compiled_react-dom_0sz.w8d._.js:9555:97)
    at workLoopSync (http://localhost:3001/_next/static/chunks/09q._next_dist_compiled_react-dom_0sz.w8d._.js:9449:40)
    at renderRootSync (http://localhost:3001/_next/static/chunks/09q._next_dist_compiled_react-dom_0sz.w8d._.js:9433:13)
    at performWorkOnRoot (http://localhost:3001/_next/static/chunks/09q._next_dist_compiled_react-dom_0sz.w8d._.js:9061:186)
    at performSyncWorkOnRoot (http://localhost:3001/_next/static/chunks/09q._next_dist_compiled_react-dom_0sz.w8d._.js:10263:9)
    at flushSyncWorkAcrossRoots_impl (http://localhost:3001/_next/static/chunks/09q._next_dist_compiled_react-dom_0sz.w8d._.js:10179:316)
    at processRootScheduleInMicrotask (http://localhost:3001/_next/static/chunks/09q._next_dist_compiled_react-dom_0sz.w8d._.js:10200:106)
    at http://localhost:3001/_next/static/chunks/09q._next_dist_compiled_react-dom_0sz.w8d._.js:10274:158
[ 1234392ms] [LOG] [Fast Refresh] rebuilding @ http://localhost:3001/_next/static/chunks/09q._next_dist_0hjurs0._.js:2431
[ 1234399ms] [WARNING] [Fast Refresh] performing full reload because your application had an unrecoverable error @ http://localhost:3001/_next/static/chunks/09q._next_dist_0hjurs0._.js:2431
[ 1234461ms] ReferenceError: getPromptVersion is not defined
    at EpisodeWorkspace (http://localhost:3001/_next/static/chunks/src_04cffl6._.js?id=%255Bproject%255D%252Fsrc%252Fcomponents%252Fepisode-workspace.tsx+%255Bapp-client%255D+%2528ecmascript%2529:2300:56)
    at Object.react_stack_bottom_frame (http://localhost:3001/_next/static/chunks/09q._next_dist_compiled_react-dom_0sz.w8d._.js:15037:24)
    at renderWithHooks (http://localhost:3001/_next/static/chunks/09q._next_dist_compiled_react-dom_0sz.w8d._.js:4620:24)
    at updateFunctionComponent (http://localhost:3001/_next/static/chunks/09q._next_dist_compiled_react-dom_0sz.w8d._.js:6081:21)
    at beginWork (http://localhost:3001/_next/static/chunks/09q._next_dist_compiled_react-dom_0sz.w8d._.js:6665:639)
    at runWithFiberInDEV (http://localhost:3001/_next/static/chunks/09q._next_dist_compiled_react-dom_0sz.w8d._.js:965:74)
    at performUnitOfWork (http://localhost:3001/_next/static/chunks/09q._next_dist_compiled_react-dom_0sz.w8d._.js:9555:97)
    at workLoopSync (http://localhost:3001/_next/static/chunks/09q._next_dist_compiled_react-dom_0sz.w8d._.js:9449:40)
    at renderRootSync (http://localhost:3001/_next/static/chunks/09q._next_dist_compiled_react-dom_0sz.w8d._.js:9433:13)
    at performWorkOnRoot (http://localhost:3001/_next/static/chunks/09q._next_dist_compiled_react-dom_0sz.w8d._.js:9098:47)
    at performSyncWorkOnRoot (http://localhost:3001/_next/static/chunks/09q._next_dist_compiled_react-dom_0sz.w8d._.js:10263:9)
    at flushSyncWorkAcrossRoots_impl (http://localhost:3001/_next/static/chunks/09q._next_dist_compiled_react-dom_0sz.w8d._.js:10179:316)
    at flushSyncWork$1 (http://localhost:3001/_next/static/chunks/09q._next_dist_compiled_react-dom_0sz.w8d._.js:9230:86)
    at Object.scheduleRefresh (http://localhost:3001/_next/static/chunks/09q._next_dist_compiled_react-dom_0sz.w8d._.js:299:13)
    at http://localhost:3001/_next/static/chunks/09q._next_dist_compiled_0xa2r2e._.js:391:33
    at Set.forEach (<anonymous>)
    at Object.performReactRefresh (http://localhost:3001/_next/static/chunks/09q._next_dist_compiled_0xa2r2e._.js:384:38)
    at applyUpdate (http://localhost:3001/_next/static/chunks/09q._next_dist_compiled_0xa2r2e._.js:878:31)
    at http://localhost:3001/_next/static/chunks/09q._next_dist_compiled_0xa2r2e._.js:886:13
[ 1234477ms] [LOG] [Fast Refresh] done in 66ms @ http://localhost:3001/_next/static/chunks/09q._next_dist_0hjurs0._.js:2431
[ 1234770ms] [ERROR] Failed to load resource: the server responded with a status of 500 (Internal Server Error) @ http://localhost:3001/episodes/9418f049-c52e-4116-869f-3681631fb48b:0
[ 1234812ms] [INFO] %cDownload the React DevTools for a better development experience: https://react.dev/link/react-devtools font-weight:bold @ http://localhost:3001/_next/static/chunks/09q._next_dist_0hjurs0._.js:2431
[ 1234835ms] [LOG] [HMR] connected @ http://localhost:3001/_next/static/chunks/09q._next_dist_0hjurs0._.js:2431
[ 1234969ms] ReferenceError: getPromptVersion is not defined
    at EpisodeWorkspace (http://localhost:3001/_next/static/chunks/src_04cffl6._.js:4060:56)
    at Object.react_stack_bottom_frame (http://localhost:3001/_next/static/chunks/09q._next_dist_compiled_react-dom_0sz.w8d._.js:15037:24)
    at renderWithHooks (http://localhost:3001/_next/static/chunks/09q._next_dist_compiled_react-dom_0sz.w8d._.js:4620:24)
    at updateFunctionComponent (http://localhost:3001/_next/static/chunks/09q._next_dist_compiled_react-dom_0sz.w8d._.js:6081:21)
    at beginWork (http://localhost:3001/_next/static/chunks/09q._next_dist_compiled_react-dom_0sz.w8d._.js:6665:639)
    at runWithFiberInDEV (http://localhost:3001/_next/static/chunks/09q._next_dist_compiled_react-dom_0sz.w8d._.js:965:74)
    at performUnitOfWork (http://localhost:3001/_next/static/chunks/09q._next_dist_compiled_react-dom_0sz.w8d._.js:9555:97)
    at workLoopSync (http://localhost:3001/_next/static/chunks/09q._next_dist_compiled_react-dom_0sz.w8d._.js:9449:40)
    at renderRootSync (http://localhost:3001/_next/static/chunks/09q._next_dist_compiled_react-dom_0sz.w8d._.js:9433:13)
    at performWorkOnRoot (http://localhost:3001/_next/static/chunks/09q._next_dist_compiled_react-dom_0sz.w8d._.js:9098:47)
    at performWorkOnRootViaSchedulerTask (http://localhost:3001/_next/static/chunks/09q._next_dist_compiled_react-dom_0sz.w8d._.js:10255:9)
    at MessagePort.performWorkUntilDeadline (http://localhost:3001/_next/static/chunks/09q._next_dist_compiled_0xa2r2e._.js:2647:64)
[ 1248212ms] [LOG] [Fast Refresh] rebuilding @ http://localhost:3001/_next/static/chunks/09q._next_dist_0hjurs0._.js:2431
[ 1248220ms] [WARNING] [Fast Refresh] performing full reload because your application had an unrecoverable error @ http://localhost:3001/_next/static/chunks/09q._next_dist_0hjurs0._.js:2431
[ 1248223ms] [LOG] [Fast Refresh] done in 74ms @ http://localhost:3001/_next/static/chunks/09q._next_dist_0hjurs0._.js:2431
[ 1248400ms] [ERROR] Failed to load resource: the server responded with a status of 500 (Internal Server Error) @ http://localhost:3001/episodes/9418f049-c52e-4116-869f-3681631fb48b:0
[ 1248462ms] [INFO] %cDownload the React DevTools for a better development experience: https://react.dev/link/react-devtools font-weight:bold @ http://localhost:3001/_next/static/chunks/09q._next_dist_0hjurs0._.js:2431
[ 1248488ms] [LOG] [HMR] connected @ http://localhost:3001/_next/static/chunks/09q._next_dist_0hjurs0._.js:2431
[ 1248692ms] ReferenceError: getPromptVersion is not defined
    at EpisodeWorkspace (http://localhost:3001/_next/static/chunks/src_04cffl6._.js:4095:56)
    at Object.react_stack_bottom_frame (http://localhost:3001/_next/static/chunks/09q._next_dist_compiled_react-dom_0sz.w8d._.js:15037:24)
    at renderWithHooks (http://localhost:3001/_next/static/chunks/09q._next_dist_compiled_react-dom_0sz.w8d._.js:4620:24)
    at updateFunctionComponent (http://localhost:3001/_next/static/chunks/09q._next_dist_compiled_react-dom_0sz.w8d._.js:6081:21)
    at beginWork (http://localhost:3001/_next/static/chunks/09q._next_dist_compiled_react-dom_0sz.w8d._.js:6665:639)
    at runWithFiberInDEV (http://localhost:3001/_next/static/chunks/09q._next_dist_compiled_react-dom_0sz.w8d._.js:965:74)
    at performUnitOfWork (http://localhost:3001/_next/static/chunks/09q._next_dist_compiled_react-dom_0sz.w8d._.js:9555:97)
    at workLoopSync (http://localhost:3001/_next/static/chunks/09q._next_dist_compiled_react-dom_0sz.w8d._.js:9449:40)
    at renderRootSync (http://localhost:3001/_next/static/chunks/09q._next_dist_compiled_react-dom_0sz.w8d._.js:9433:13)
    at performWorkOnRoot (http://localhost:3001/_next/static/chunks/09q._next_dist_compiled_react-dom_0sz.w8d._.js:9098:47)
    at performWorkOnRootViaSchedulerTask (http://localhost:3001/_next/static/chunks/09q._next_dist_compiled_react-dom_0sz.w8d._.js:10255:9)
    at MessagePort.performWorkUntilDeadline (http://localhost:3001/_next/static/chunks/09q._next_dist_compiled_0xa2r2e._.js:2647:64)
[ 1248631ms] [LOG] [Fast Refresh] rebuilding @ http://localhost:3001/_next/static/chunks/09q._next_dist_0hjurs0._.js:2431
[ 1248667ms] [LOG] [Fast Refresh] done in 139ms @ http://localhost:3001/_next/static/chunks/09q._next_dist_0hjurs0._.js:2431
[ 1260403ms] [LOG] [Fast Refresh] rebuilding @ http://localhost:3001/_next/static/chunks/09q._next_dist_0hjurs0._.js:2431
[ 1260410ms] [WARNING] [Fast Refresh] performing full reload because your application had an unrecoverable error @ http://localhost:3001/_next/static/chunks/09q._next_dist_0hjurs0._.js:2431
[ 1260464ms] [LOG] [Fast Refresh] done in 67ms @ http://localhost:3001/_next/static/chunks/09q._next_dist_0hjurs0._.js:2431
[ 1260567ms] [ERROR] Failed to load resource: the server responded with a status of 500 (Internal Server Error) @ http://localhost:3001/episodes/9418f049-c52e-4116-869f-3681631fb48b:0
[ 1260622ms] [INFO] %cDownload the React DevTools for a better development experience: https://react.dev/link/react-devtools font-weight:bold @ http://localhost:3001/_next/static/chunks/09q._next_dist_0hjurs0._.js:2431
[ 1260635ms] [LOG] [HMR] connected @ http://localhost:3001/_next/static/chunks/09q._next_dist_0hjurs0._.js:2431
[ 1260801ms] ReferenceError: getPromptVersion is not defined
    at EpisodeWorkspace (http://localhost:3001/_next/static/chunks/src_04cffl6._.js:4108:56)
    at Object.react_stack_bottom_frame (http://localhost:3001/_next/static/chunks/09q._next_dist_compiled_react-dom_0sz.w8d._.js:15037:24)
    at renderWithHooks (http://localhost:3001/_next/static/chunks/09q._next_dist_compiled_react-dom_0sz.w8d._.js:4620:24)
    at updateFunctionComponent (http://localhost:3001/_next/static/chunks/09q._next_dist_compiled_react-dom_0sz.w8d._.js:6081:21)
    at beginWork (http://localhost:3001/_next/static/chunks/09q._next_dist_compiled_react-dom_0sz.w8d._.js:6665:639)
    at runWithFiberInDEV (http://localhost:3001/_next/static/chunks/09q._next_dist_compiled_react-dom_0sz.w8d._.js:965:74)
    at performUnitOfWork (http://localhost:3001/_next/static/chunks/09q._next_dist_compiled_react-dom_0sz.w8d._.js:9555:97)
    at workLoopSync (http://localhost:3001/_next/static/chunks/09q._next_dist_compiled_react-dom_0sz.w8d._.js:9449:40)
    at renderRootSync (http://localhost:3001/_next/static/chunks/09q._next_dist_compiled_react-dom_0sz.w8d._.js:9433:13)
    at performWorkOnRoot (http://localhost:3001/_next/static/chunks/09q._next_dist_compiled_react-dom_0sz.w8d._.js:9098:47)
    at performWorkOnRootViaSchedulerTask (http://localhost:3001/_next/static/chunks/09q._next_dist_compiled_react-dom_0sz.w8d._.js:10255:9)
    at MessagePort.performWorkUntilDeadline (http://localhost:3001/_next/static/chunks/09q._next_dist_compiled_0xa2r2e._.js:2647:64)
[ 1260765ms] [LOG] [Fast Refresh] rebuilding @ http://localhost:3001/_next/static/chunks/09q._next_dist_0hjurs0._.js:2431
[ 1260771ms] [LOG] [Fast Refresh] done in 107ms @ http://localhost:3001/_next/static/chunks/09q._next_dist_0hjurs0._.js:2431
[ 1277871ms] [LOG] [Fast Refresh] rebuilding @ http://localhost:3001/_next/static/chunks/09q._next_dist_0hjurs0._.js:2431
[ 1277880ms] [WARNING] [Fast Refresh] performing full reload because your application had an unrecoverable error @ http://localhost:3001/_next/static/chunks/09q._next_dist_0hjurs0._.js:2431
[ 1277935ms] [LOG] [Fast Refresh] done in 77ms @ http://localhost:3001/_next/static/chunks/09q._next_dist_0hjurs0._.js:2431
[ 1278070ms] [ERROR] Failed to load resource: the server responded with a status of 500 (Internal Server Error) @ http://localhost:3001/episodes/9418f049-c52e-4116-869f-3681631fb48b:0
[ 1278107ms] [INFO] %cDownload the React DevTools for a better development experience: https://react.dev/link/react-devtools font-weight:bold @ http://localhost:3001/_next/static/chunks/09q._next_dist_0hjurs0._.js:2431
[ 1278122ms] [LOG] [HMR] connected @ http://localhost:3001/_next/static/chunks/09q._next_dist_0hjurs0._.js:2431
[ 1278291ms] ReferenceError: getPromptVersion is not defined
    at EpisodeWorkspace (http://localhost:3001/_next/static/chunks/src_04cffl6._.js:4138:56)
    at Object.react_stack_bottom_frame (http://localhost:3001/_next/static/chunks/09q._next_dist_compiled_react-dom_0sz.w8d._.js:15037:24)
    at renderWithHooks (http://localhost:3001/_next/static/chunks/09q._next_dist_compiled_react-dom_0sz.w8d._.js:4620:24)
    at updateFunctionComponent (http://localhost:3001/_next/static/chunks/09q._next_dist_compiled_react-dom_0sz.w8d._.js:6081:21)
    at beginWork (http://localhost:3001/_next/static/chunks/09q._next_dist_compiled_react-dom_0sz.w8d._.js:6665:639)
    at runWithFiberInDEV (http://localhost:3001/_next/static/chunks/09q._next_dist_compiled_react-dom_0sz.w8d._.js:965:74)
    at performUnitOfWork (http://localhost:3001/_next/static/chunks/09q._next_dist_compiled_react-dom_0sz.w8d._.js:9555:97)
    at workLoopSync (http://localhost:3001/_next/static/chunks/09q._next_dist_compiled_react-dom_0sz.w8d._.js:9449:40)
    at renderRootSync (http://localhost:3001/_next/static/chunks/09q._next_dist_compiled_react-dom_0sz.w8d._.js:9433:13)
    at performWorkOnRoot (http://localhost:3001/_next/static/chunks/09q._next_dist_compiled_react-dom_0sz.w8d._.js:9061:186)
    at performWorkOnRootViaSchedulerTask (http://localhost:3001/_next/static/chunks/09q._next_dist_compiled_react-dom_0sz.w8d._.js:10255:9)
    at MessagePort.performWorkUntilDeadline (http://localhost:3001/_next/static/chunks/09q._next_dist_compiled_0xa2r2e._.js:2647:64)
[ 1293237ms] [LOG] [Fast Refresh] rebuilding @ http://localhost:3001/_next/static/chunks/09q._next_dist_0hjurs0._.js:2431
[ 1293245ms] [WARNING] [Fast Refresh] performing full reload because your application had an unrecoverable error @ http://localhost:3001/_next/static/chunks/09q._next_dist_0hjurs0._.js:2431
[ 1293279ms] [LOG] [Fast Refresh] done in 70ms @ http://localhost:3001/_next/static/chunks/09q._next_dist_0hjurs0._.js:2431
[ 1293414ms] [ERROR] Failed to load resource: the server responded with a status of 500 (Internal Server Error) @ http://localhost:3001/episodes/9418f049-c52e-4116-869f-3681631fb48b:0
[ 1293447ms] [INFO] %cDownload the React DevTools for a better development experience: https://react.dev/link/react-devtools font-weight:bold @ http://localhost:3001/_next/static/chunks/09q._next_dist_0hjurs0._.js:2431
[ 1293462ms] [LOG] [HMR] connected @ http://localhost:3001/_next/static/chunks/09q._next_dist_0hjurs0._.js:2431
[ 1293657ms] ReferenceError: getPromptVersion is not defined
    at EpisodeWorkspace (http://localhost:3001/_next/static/chunks/src_04cffl6._.js:4168:56)
    at Object.react_stack_bottom_frame (http://localhost:3001/_next/static/chunks/09q._next_dist_compiled_react-dom_0sz.w8d._.js:15037:24)
    at renderWithHooks (http://localhost:3001/_next/static/chunks/09q._next_dist_compiled_react-dom_0sz.w8d._.js:4620:24)
    at updateFunctionComponent (http://localhost:3001/_next/static/chunks/09q._next_dist_compiled_react-dom_0sz.w8d._.js:6081:21)
    at beginWork (http://localhost:3001/_next/static/chunks/09q._next_dist_compiled_react-dom_0sz.w8d._.js:6665:639)
    at runWithFiberInDEV (http://localhost:3001/_next/static/chunks/09q._next_dist_compiled_react-dom_0sz.w8d._.js:965:74)
    at performUnitOfWork (http://localhost:3001/_next/static/chunks/09q._next_dist_compiled_react-dom_0sz.w8d._.js:9555:97)
    at workLoopSync (http://localhost:3001/_next/static/chunks/09q._next_dist_compiled_react-dom_0sz.w8d._.js:9449:40)
    at renderRootSync (http://localhost:3001/_next/static/chunks/09q._next_dist_compiled_react-dom_0sz.w8d._.js:9433:13)
    at performWorkOnRoot (http://localhost:3001/_next/static/chunks/09q._next_dist_compiled_react-dom_0sz.w8d._.js:9098:47)
    at performWorkOnRootViaSchedulerTask (http://localhost:3001/_next/static/chunks/09q._next_dist_compiled_react-dom_0sz.w8d._.js:10255:9)
    at MessagePort.performWorkUntilDeadline (http://localhost:3001/_next/static/chunks/09q._next_dist_compiled_0xa2r2e._.js:2647:64)
[ 1305061ms] [LOG] [Fast Refresh] rebuilding @ http://localhost:3001/_next/static/chunks/09q._next_dist_0hjurs0._.js:2431
[ 1305069ms] [WARNING] [Fast Refresh] performing full reload because your application had an unrecoverable error @ http://localhost:3001/_next/static/chunks/09q._next_dist_0hjurs0._.js:2431
[ 1305117ms] [LOG] [Fast Refresh] done in 78ms @ http://localhost:3001/_next/static/chunks/09q._next_dist_0hjurs0._.js:2431
[ 1305204ms] [ERROR] Failed to load resource: the server responded with a status of 500 (Internal Server Error) @ http://localhost:3001/episodes/9418f049-c52e-4116-869f-3681631fb48b:0
[ 1305239ms] [INFO] %cDownload the React DevTools for a better development experience: https://react.dev/link/react-devtools font-weight:bold @ http://localhost:3001/_next/static/chunks/09q._next_dist_0hjurs0._.js:2431
[ 1305253ms] [LOG] [HMR] connected @ http://localhost:3001/_next/static/chunks/09q._next_dist_0hjurs0._.js:2431
[ 1305404ms] ReferenceError: getPromptVersion is not defined
    at EpisodeWorkspace (http://localhost:3001/_next/static/chunks/src_04cffl6._.js:4187:56)
    at Object.react_stack_bottom_frame (http://localhost:3001/_next/static/chunks/09q._next_dist_compiled_react-dom_0sz.w8d._.js:15037:24)
    at renderWithHooks (http://localhost:3001/_next/static/chunks/09q._next_dist_compiled_react-dom_0sz.w8d._.js:4620:24)
    at updateFunctionComponent (http://localhost:3001/_next/static/chunks/09q._next_dist_compiled_react-dom_0sz.w8d._.js:6081:21)
    at beginWork (http://localhost:3001/_next/static/chunks/09q._next_dist_compiled_react-dom_0sz.w8d._.js:6665:639)
    at runWithFiberInDEV (http://localhost:3001/_next/static/chunks/09q._next_dist_compiled_react-dom_0sz.w8d._.js:965:74)
    at performUnitOfWork (http://localhost:3001/_next/static/chunks/09q._next_dist_compiled_react-dom_0sz.w8d._.js:9555:97)
    at workLoopSync (http://localhost:3001/_next/static/chunks/09q._next_dist_compiled_react-dom_0sz.w8d._.js:9449:40)
    at renderRootSync (http://localhost:3001/_next/static/chunks/09q._next_dist_compiled_react-dom_0sz.w8d._.js:9433:13)
    at performWorkOnRoot (http://localhost:3001/_next/static/chunks/09q._next_dist_compiled_react-dom_0sz.w8d._.js:9098:47)
    at performWorkOnRootViaSchedulerTask (http://localhost:3001/_next/static/chunks/09q._next_dist_compiled_react-dom_0sz.w8d._.js:10255:9)
    at MessagePort.performWorkUntilDeadline (http://localhost:3001/_next/static/chunks/09q._next_dist_compiled_0xa2r2e._.js:2647:64)
[ 1305376ms] [LOG] [Fast Refresh] rebuilding @ http://localhost:3001/_next/static/chunks/09q._next_dist_0hjurs0._.js:2431
[ 1305377ms] [LOG] [Fast Refresh] done in 102ms @ http://localhost:3001/_next/static/chunks/09q._next_dist_0hjurs0._.js:2431
[ 1319071ms] [LOG] [Fast Refresh] rebuilding @ http://localhost:3001/_next/static/chunks/09q._next_dist_0hjurs0._.js:2431
[ 1319080ms] [WARNING] [Fast Refresh] performing full reload because your application had an unrecoverable error @ http://localhost:3001/_next/static/chunks/09q._next_dist_0hjurs0._.js:2431
[ 1319130ms] [LOG] [Fast Refresh] done in 78ms @ http://localhost:3001/_next/static/chunks/09q._next_dist_0hjurs0._.js:2431
[ 1319248ms] [ERROR] Failed to load resource: the server responded with a status of 500 (Internal Server Error) @ http://localhost:3001/episodes/9418f049-c52e-4116-869f-3681631fb48b:0
[ 1319285ms] [INFO] %cDownload the React DevTools for a better development experience: https://react.dev/link/react-devtools font-weight:bold @ http://localhost:3001/_next/static/chunks/09q._next_dist_0hjurs0._.js:2431
[ 1319303ms] [LOG] [HMR] connected @ http://localhost:3001/_next/static/chunks/09q._next_dist_0hjurs0._.js:2431
[ 1319473ms] ReferenceError: getPromptVersion is not defined
    at EpisodeWorkspace (http://localhost:3001/_next/static/chunks/src_04cffl6._.js:4202:56)
    at Object.react_stack_bottom_frame (http://localhost:3001/_next/static/chunks/09q._next_dist_compiled_react-dom_0sz.w8d._.js:15037:24)
    at renderWithHooks (http://localhost:3001/_next/static/chunks/09q._next_dist_compiled_react-dom_0sz.w8d._.js:4620:24)
    at updateFunctionComponent (http://localhost:3001/_next/static/chunks/09q._next_dist_compiled_react-dom_0sz.w8d._.js:6081:21)
    at beginWork (http://localhost:3001/_next/static/chunks/09q._next_dist_compiled_react-dom_0sz.w8d._.js:6665:639)
    at runWithFiberInDEV (http://localhost:3001/_next/static/chunks/09q._next_dist_compiled_react-dom_0sz.w8d._.js:965:74)
    at performUnitOfWork (http://localhost:3001/_next/static/chunks/09q._next_dist_compiled_react-dom_0sz.w8d._.js:9555:97)
    at workLoopSync (http://localhost:3001/_next/static/chunks/09q._next_dist_compiled_react-dom_0sz.w8d._.js:9449:40)
    at renderRootSync (http://localhost:3001/_next/static/chunks/09q._next_dist_compiled_react-dom_0sz.w8d._.js:9433:13)
    at performWorkOnRoot (http://localhost:3001/_next/static/chunks/09q._next_dist_compiled_react-dom_0sz.w8d._.js:9098:47)
    at performWorkOnRootViaSchedulerTask (http://localhost:3001/_next/static/chunks/09q._next_dist_compiled_react-dom_0sz.w8d._.js:10255:9)
    at MessagePort.performWorkUntilDeadline (http://localhost:3001/_next/static/chunks/09q._next_dist_compiled_0xa2r2e._.js:2647:64)
[ 1332077ms] [LOG] [Fast Refresh] rebuilding @ http://localhost:3001/_next/static/chunks/09q._next_dist_0hjurs0._.js:2431
[ 1332086ms] [WARNING] [Fast Refresh] performing full reload because your application had an unrecoverable error @ http://localhost:3001/_next/static/chunks/09q._next_dist_0hjurs0._.js:2431
[ 1332089ms] [LOG] [Fast Refresh] done in 75ms @ http://localhost:3001/_next/static/chunks/09q._next_dist_0hjurs0._.js:2431
[ 1332287ms] [ERROR] Failed to load resource: the server responded with a status of 500 (Internal Server Error) @ http://localhost:3001/episodes/9418f049-c52e-4116-869f-3681631fb48b:0
[ 1332321ms] [INFO] %cDownload the React DevTools for a better development experience: https://react.dev/link/react-devtools font-weight:bold @ http://localhost:3001/_next/static/chunks/09q._next_dist_0hjurs0._.js:2431
[ 1332339ms] [LOG] [HMR] connected @ http://localhost:3001/_next/static/chunks/09q._next_dist_0hjurs0._.js:2431
[ 1332507ms] ReferenceError: getPromptVersion is not defined
    at EpisodeWorkspace (http://localhost:3001/_next/static/chunks/src_04cffl6._.js:4227:56)
    at Object.react_stack_bottom_frame (http://localhost:3001/_next/static/chunks/09q._next_dist_compiled_react-dom_0sz.w8d._.js:15037:24)
    at renderWithHooks (http://localhost:3001/_next/static/chunks/09q._next_dist_compiled_react-dom_0sz.w8d._.js:4620:24)
    at updateFunctionComponent (http://localhost:3001/_next/static/chunks/09q._next_dist_compiled_react-dom_0sz.w8d._.js:6081:21)
    at beginWork (http://localhost:3001/_next/static/chunks/09q._next_dist_compiled_react-dom_0sz.w8d._.js:6665:639)
    at runWithFiberInDEV (http://localhost:3001/_next/static/chunks/09q._next_dist_compiled_react-dom_0sz.w8d._.js:965:74)
    at performUnitOfWork (http://localhost:3001/_next/static/chunks/09q._next_dist_compiled_react-dom_0sz.w8d._.js:9555:97)
    at workLoopSync (http://localhost:3001/_next/static/chunks/09q._next_dist_compiled_react-dom_0sz.w8d._.js:9449:40)
    at renderRootSync (http://localhost:3001/_next/static/chunks/09q._next_dist_compiled_react-dom_0sz.w8d._.js:9433:13)
    at performWorkOnRoot (http://localhost:3001/_next/static/chunks/09q._next_dist_compiled_react-dom_0sz.w8d._.js:9098:47)
    at performWorkOnRootViaSchedulerTask (http://localhost:3001/_next/static/chunks/09q._next_dist_compiled_react-dom_0sz.w8d._.js:10255:9)
    at MessagePort.performWorkUntilDeadline (http://localhost:3001/_next/static/chunks/09q._next_dist_compiled_0xa2r2e._.js:2647:64)
[ 1354574ms] [LOG] [Fast Refresh] rebuilding @ http://localhost:3001/_next/static/chunks/09q._next_dist_0hjurs0._.js:2431
[ 1354583ms] [WARNING] [Fast Refresh] performing full reload because your application had an unrecoverable error @ http://localhost:3001/_next/static/chunks/09q._next_dist_0hjurs0._.js:2431
[ 1354645ms] [LOG] [Fast Refresh] done in 70ms @ http://localhost:3001/_next/static/chunks/09q._next_dist_0hjurs0._.js:2431
[ 1354784ms] [ERROR] Failed to load resource: the server responded with a status of 500 (Internal Server Error) @ http://localhost:3001/episodes/9418f049-c52e-4116-869f-3681631fb48b:0
[ 1354821ms] [INFO] %cDownload the React DevTools for a better development experience: https://react.dev/link/react-devtools font-weight:bold @ http://localhost:3001/_next/static/chunks/09q._next_dist_0hjurs0._.js:2431
[ 1354836ms] [LOG] [HMR] connected @ http://localhost:3001/_next/static/chunks/09q._next_dist_0hjurs0._.js:2431
[ 1354992ms] ReferenceError: getPromptVersion is not defined
    at EpisodeWorkspace (http://localhost:3001/_next/static/chunks/src_04cffl6._.js:4255:56)
    at Object.react_stack_bottom_frame (http://localhost:3001/_next/static/chunks/09q._next_dist_compiled_react-dom_0sz.w8d._.js:15037:24)
    at renderWithHooks (http://localhost:3001/_next/static/chunks/09q._next_dist_compiled_react-dom_0sz.w8d._.js:4620:24)
    at updateFunctionComponent (http://localhost:3001/_next/static/chunks/09q._next_dist_compiled_react-dom_0sz.w8d._.js:6081:21)
    at beginWork (http://localhost:3001/_next/static/chunks/09q._next_dist_compiled_react-dom_0sz.w8d._.js:6665:639)
    at runWithFiberInDEV (http://localhost:3001/_next/static/chunks/09q._next_dist_compiled_react-dom_0sz.w8d._.js:965:74)
    at performUnitOfWork (http://localhost:3001/_next/static/chunks/09q._next_dist_compiled_react-dom_0sz.w8d._.js:9555:97)
    at workLoopSync (http://localhost:3001/_next/static/chunks/09q._next_dist_compiled_react-dom_0sz.w8d._.js:9449:40)
    at renderRootSync (http://localhost:3001/_next/static/chunks/09q._next_dist_compiled_react-dom_0sz.w8d._.js:9433:13)
    at performWorkOnRoot (http://localhost:3001/_next/static/chunks/09q._next_dist_compiled_react-dom_0sz.w8d._.js:9098:47)
    at performWorkOnRootViaSchedulerTask (http://localhost:3001/_next/static/chunks/09q._next_dist_compiled_react-dom_0sz.w8d._.js:10255:9)
    at MessagePort.performWorkUntilDeadline (http://localhost:3001/_next/static/chunks/09q._next_dist_compiled_0xa2r2e._.js:2647:64)
[ 1404396ms] [LOG] [Fast Refresh] rebuilding @ http://localhost:3001/_next/static/chunks/09q._next_dist_0hjurs0._.js:2431
[ 1404404ms] [WARNING] [Fast Refresh] performing full reload because your application had an unrecoverable error @ http://localhost:3001/_next/static/chunks/09q._next_dist_0hjurs0._.js:2431
[ 1404405ms] [LOG] [Fast Refresh] done in 103ms @ http://localhost:3001/_next/static/chunks/09q._next_dist_0hjurs0._.js:2431
[ 1404625ms] [INFO] %cDownload the React DevTools for a better development experience: https://react.dev/link/react-devtools font-weight:bold @ http://localhost:3001/_next/static/chunks/09q._next_dist_0hjurs0._.js:2431
[ 1404657ms] [LOG] [HMR] connected @ http://localhost:3001/_next/static/chunks/09q._next_dist_0hjurs0._.js:2431
[ 1418159ms] [LOG] [Fast Refresh] rebuilding @ http://localhost:3001/_next/static/chunks/09q._next_dist_0hjurs0._.js:2431
[ 1418175ms] [LOG] [Fast Refresh] done in 93ms @ http://localhost:3001/_next/static/chunks/09q._next_dist_0hjurs0._.js:2431
[ 2140400ms] [LOG] [Fast Refresh] rebuilding @ http://localhost:3001/_next/static/chunks/09q._next_dist_0hjurs0._.js:2431
[ 2140491ms] [LOG] [Fast Refresh] done in 46ms @ http://localhost:3001/_next/static/chunks/09q._next_dist_0hjurs0._.js:2431
[ 2149225ms] [LOG] [Fast Refresh] rebuilding @ http://localhost:3001/_next/static/chunks/09q._next_dist_0hjurs0._.js:2431
[ 2149468ms] [LOG] [Fast Refresh] done in 185ms @ http://localhost:3001/_next/static/chunks/09q._next_dist_0hjurs0._.js:2431
[ 2149743ms] [LOG] [Fast Refresh] rebuilding @ http://localhost:3001/_next/static/chunks/09q._next_dist_0hjurs0._.js:2431
[ 2149866ms] [LOG] [Fast Refresh] done in 224ms @ http://localhost:3001/_next/static/chunks/09q._next_dist_0hjurs0._.js:2431
[ 2173737ms] [LOG] [Fast Refresh] rebuilding @ http://localhost:3001/_next/static/chunks/09q._next_dist_0hjurs0._.js:2431
[ 2173756ms] [LOG] [Fast Refresh] done in 76ms @ http://localhost:3001/_next/static/chunks/09q._next_dist_0hjurs0._.js:2431
[ 2203352ms] [LOG] [Fast Refresh] rebuilding @ http://localhost:3001/_next/static/chunks/09q._next_dist_0hjurs0._.js:2431
[ 2203621ms] [LOG] [Fast Refresh] done in 220ms @ http://localhost:3001/_next/static/chunks/09q._next_dist_0hjurs0._.js:2431
[ 2238986ms] [LOG] [Fast Refresh] rebuilding @ http://localhost:3001/_next/static/chunks/09q._next_dist_0hjurs0._.js:2431
[ 2239003ms] [LOG] [Fast Refresh] done in 102ms @ http://localhost:3001/_next/static/chunks/09q._next_dist_0hjurs0._.js:2431
[ 2262663ms] [LOG] [Fast Refresh] rebuilding @ http://localhost:3001/_next/static/chunks/09q._next_dist_0hjurs0._.js:2431
[ 2262704ms] [LOG] [Fast Refresh] done in 93ms @ http://localhost:3001/_next/static/chunks/09q._next_dist_0hjurs0._.js:2431
[ 2278990ms] [LOG] [Fast Refresh] rebuilding @ http://localhost:3001/_next/static/chunks/09q._next_dist_0hjurs0._.js:2431
[ 2279009ms] [LOG] [Fast Refresh] done in 74ms @ http://localhost:3001/_next/static/chunks/09q._next_dist_0hjurs0._.js:2431
[ 2285856ms] [LOG] [Fast Refresh] rebuilding @ http://localhost:3001/_next/static/chunks/09q._next_dist_0hjurs0._.js:2431
[ 2285876ms] [LOG] [Fast Refresh] done in 77ms @ http://localhost:3001/_next/static/chunks/09q._next_dist_0hjurs0._.js:2431
[ 2344428ms] [LOG] [Fast Refresh] rebuilding @ http://localhost:3001/_next/static/chunks/09q._next_dist_0hjurs0._.js:2431
[ 2344445ms] [LOG] [Fast Refresh] done in 74ms @ http://localhost:3001/_next/static/chunks/09q._next_dist_0hjurs0._.js:2431
[ 3395485ms] [LOG] [Fast Refresh] rebuilding @ http://localhost:3001/_next/static/chunks/09q._next_dist_0hjurs0._.js:2431
[ 3395578ms] [LOG] [Fast Refresh] done in 35ms @ http://localhost:3001/_next/static/chunks/09q._next_dist_0hjurs0._.js:2431
[ 3429618ms] [LOG] [Fast Refresh] rebuilding @ http://localhost:3001/_next/static/chunks/09q._next_dist_0hjurs0._.js:2431
[ 3429908ms] [LOG] [Fast Refresh] done in 328ms @ http://localhost:3001/_next/static/chunks/09q._next_dist_0hjurs0._.js:2431
[ 3430043ms] [LOG] [Fast Refresh] rebuilding @ http://localhost:3001/_next/static/chunks/09q._next_dist_0hjurs0._.js:2431
[ 3430143ms] [LOG] [Fast Refresh] done in 200ms @ http://localhost:3001/_next/static/chunks/09q._next_dist_0hjurs0._.js:2431
[ 3461344ms] [LOG] [Fast Refresh] rebuilding @ http://localhost:3001/_next/static/chunks/09q._next_dist_0hjurs0._.js:2431
[ 3461589ms] [LOG] [Fast Refresh] done in 327ms @ http://localhost:3001/_next/static/chunks/09q._next_dist_0hjurs0._.js:2431
[ 3461694ms] [LOG] [Fast Refresh] rebuilding @ http://localhost:3001/_next/static/chunks/09q._next_dist_0hjurs0._.js:2431
[ 3461796ms] [LOG] [Fast Refresh] done in 202ms @ http://localhost:3001/_next/static/chunks/09q._next_dist_0hjurs0._.js:2431
[ 3969447ms] [LOG] [Fast Refresh] rebuilding @ http://localhost:3001/_next/static/chunks/09q._next_dist_0hjurs0._.js:2431
[ 3969480ms] [LOG] [Fast Refresh] done in 135ms @ http://localhost:3001/_next/static/chunks/09q._next_dist_0hjurs0._.js:2431
[ 6630387ms] [LOG] [Fast Refresh] rebuilding @ http://localhost:3001/_next/static/chunks/09q._next_dist_0hjurs0._.js:2431
[ 6630586ms] [LOG] [Fast Refresh] done in 301ms @ http://localhost:3001/_next/static/chunks/09q._next_dist_0hjurs0._.js:2431
[ 6670636ms] [LOG] [Fast Refresh] rebuilding @ http://localhost:3001/_next/static/chunks/09q._next_dist_0hjurs0._.js:2431
[ 6670651ms] [LOG] [Fast Refresh] done in 81ms @ http://localhost:3001/_next/static/chunks/09q._next_dist_0hjurs0._.js:2431
[ 6691519ms] [LOG] [Fast Refresh] rebuilding @ http://localhost:3001/_next/static/chunks/09q._next_dist_0hjurs0._.js:2431
[ 6691545ms] [LOG] [Fast Refresh] done in 102ms @ http://localhost:3001/_next/static/chunks/09q._next_dist_0hjurs0._.js:2431
[ 6710086ms] [LOG] [Fast Refresh] rebuilding @ http://localhost:3001/_next/static/chunks/09q._next_dist_0hjurs0._.js:2431
[ 6710101ms] [LOG] [Fast Refresh] done in 95ms @ http://localhost:3001/_next/static/chunks/09q._next_dist_0hjurs0._.js:2431
[ 6777171ms] [LOG] [Fast Refresh] rebuilding @ http://localhost:3001/_next/static/chunks/09q._next_dist_0hjurs0._.js:2431
[ 6777446ms] [LOG] [Fast Refresh] done in 206ms @ http://localhost:3001/_next/static/chunks/09q._next_dist_0hjurs0._.js:2431
[ 6791810ms] [LOG] [Fast Refresh] rebuilding @ http://localhost:3001/_next/static/chunks/09q._next_dist_0hjurs0._.js:2431
[ 6791829ms] [LOG] [Fast Refresh] done in 106ms @ http://localhost:3001/_next/static/chunks/09q._next_dist_0hjurs0._.js:2431
[ 6815296ms] [LOG] [Fast Refresh] rebuilding @ http://localhost:3001/_next/static/chunks/09q._next_dist_0hjurs0._.js:2431
[ 6815329ms] [LOG] [Fast Refresh] done in 117ms @ http://localhost:3001/_next/static/chunks/09q._next_dist_0hjurs0._.js:2431
[ 6824807ms] [LOG] [Fast Refresh] rebuilding @ http://localhost:3001/_next/static/chunks/09q._next_dist_0hjurs0._.js:2431
[ 6824824ms] [LOG] [Fast Refresh] done in 76ms @ http://localhost:3001/_next/static/chunks/09q._next_dist_0hjurs0._.js:2431
[ 6832280ms] [LOG] [Fast Refresh] rebuilding @ http://localhost:3001/_next/static/chunks/09q._next_dist_0hjurs0._.js:2431
[ 6832299ms] [LOG] [Fast Refresh] done in 77ms @ http://localhost:3001/_next/static/chunks/09q._next_dist_0hjurs0._.js:2431
[ 6842094ms] [LOG] [Fast Refresh] rebuilding @ http://localhost:3001/_next/static/chunks/09q._next_dist_0hjurs0._.js:2431
[ 6842109ms] [LOG] [Fast Refresh] done in 95ms @ http://localhost:3001/_next/static/chunks/09q._next_dist_0hjurs0._.js:2431
[ 6859825ms] [LOG] [Fast Refresh] rebuilding @ http://localhost:3001/_next/static/chunks/09q._next_dist_0hjurs0._.js:2431
[ 6859843ms] [LOG] [Fast Refresh] done in 77ms @ http://localhost:3001/_next/static/chunks/09q._next_dist_0hjurs0._.js:2431
[ 6883481ms] [LOG] [Fast Refresh] rebuilding @ http://localhost:3001/_next/static/chunks/09q._next_dist_0hjurs0._.js:2431
[ 6883498ms] [LOG] [Fast Refresh] done in 78ms @ http://localhost:3001/_next/static/chunks/09q._next_dist_0hjurs0._.js:2431
[ 7068653ms] [LOG] [Fast Refresh] rebuilding @ http://localhost:3001/_next/static/chunks/09q._next_dist_0hjurs0._.js:2431
[ 7068698ms] [LOG] [Fast Refresh] done in 146ms @ http://localhost:3001/_next/static/chunks/09q._next_dist_0hjurs0._.js:2431
[ 7213445ms] [LOG] [Fast Refresh] rebuilding @ http://localhost:3001/_next/static/chunks/09q._next_dist_0hjurs0._.js:2431
[ 7213489ms] [LOG] [Fast Refresh] done in 88ms @ http://localhost:3001/_next/static/chunks/09q._next_dist_0hjurs0._.js:2431
[ 7223167ms] [LOG] [Fast Refresh] rebuilding @ http://localhost:3001/_next/static/chunks/09q._next_dist_0hjurs0._.js:2431
[ 7223186ms] [LOG] [Fast Refresh] done in 96ms @ http://localhost:3001/_next/static/chunks/09q._next_dist_0hjurs0._.js:2431
[ 7330036ms] [LOG] [Fast Refresh] rebuilding @ http://localhost:3001/_next/static/chunks/09q._next_dist_0hjurs0._.js:2431
[ 7330053ms] [LOG] [Fast Refresh] done in 68ms @ http://localhost:3001/_next/static/chunks/09q._next_dist_0hjurs0._.js:2431
[ 7347495ms] [LOG] [Fast Refresh] rebuilding @ http://localhost:3001/_next/static/chunks/09q._next_dist_0hjurs0._.js:2431
[ 7347518ms] [LOG] [Fast Refresh] done in 108ms @ http://localhost:3001/_next/static/chunks/09q._next_dist_0hjurs0._.js:2431
[ 7368687ms] [LOG] [Fast Refresh] rebuilding @ http://localhost:3001/_next/static/chunks/09q._next_dist_0hjurs0._.js:2431
[ 7368714ms] [LOG] [Fast Refresh] done in 104ms @ http://localhost:3001/_next/static/chunks/09q._next_dist_0hjurs0._.js:2431
[ 7384337ms] [LOG] [Fast Refresh] rebuilding @ http://localhost:3001/_next/static/chunks/09q._next_dist_0hjurs0._.js:2431
[ 7384355ms] [LOG] [Fast Refresh] done in 87ms @ http://localhost:3001/_next/static/chunks/09q._next_dist_0hjurs0._.js:2431
[ 7567218ms] [LOG] [Fast Refresh] rebuilding @ http://localhost:3001/_next/static/chunks/09q._next_dist_0hjurs0._.js:2431
[ 7567233ms] [LOG] [Fast Refresh] done in 70ms @ http://localhost:3001/_next/static/chunks/09q._next_dist_0hjurs0._.js:2431
[ 8203251ms] [LOG] [HMR] connected @ http://localhost:3001/_next/static/chunks/09q._next_dist_0hjurs0._.js:2431
[82959881ms] [ERROR] WebSocket connection to 'ws://localhost:3001/_next/webpack-hmr?id=TCaQCO5TjvQloOq7zIZtg' failed: Error in connection establishment: net::ERR_CONNECTION_REFUSED @ http://localhost:3001/_next/static/chunks/09q._next_dist_client_0slhn09._.js:13299
